[0m15:00:25.260038 [debug] [MainThread]: Sending event: {'category': 'dbt', 'action': 'invocation', 'label': 'start', 'context': [<snowplow_tracker.self_describing_json.SelfDescribingJson object at 0x1058e4850>, <snowplow_tracker.self_describing_json.SelfDescribingJson object at 0x1067a68f0>, <snowplow_tracker.self_describing_json.SelfDescribingJson object at 0x1067a61d0>]}


============================== 15:00:25.267211 | 4170824f-0eee-4915-b1f6-a7219eae929b ==============================
[0m15:00:25.267211 [info ] [MainThread]: Running with dbt=1.9.4
[0m15:00:25.267786 [debug] [MainThread]: running dbt with arguments {'printer_width': '80', 'indirect_selection': 'eager', 'log_cache_events': 'False', 'write_json': 'True', 'partial_parse': 'True', 'cache_selected_only': 'False', 'warn_error': 'None', 'version_check': 'True', 'debug': 'False', 'log_path': 'logs', 'profiles_dir': '/Users/abraham/.dbt', 'fail_fast': 'False', 'use_colors': 'True', 'use_experimental_parser': 'False', 'empty': 'None', 'quiet': 'False', 'no_print': 'None', 'warn_error_options': 'WarnErrorOptions(include=[], exclude=[])', 'invocation_command': 'dbt init canalbox_project', 'log_format': 'default', 'introspect': 'True', 'target_path': 'None', 'static_parser': 'True', 'send_anonymous_usage_stats': 'True'}
[0m15:00:25.293742 [debug] [MainThread]: Starter project path: /opt/anaconda3/envs/dbt/lib/python3.10/site-packages/dbt/include/starter_project
[0m15:00:25.303252 [info ] [MainThread]: 
Your new dbt project "canalbox_project" was created!

For more information on how to configure the profiles.yml file,
please consult the dbt documentation here:

  https://docs.getdbt.com/docs/configure-your-profile

One more thing:

Need help? Don't hesitate to reach out to us via GitHub issues or on Slack:

  https://community.getdbt.com/

Happy modeling!

[0m15:00:25.303573 [info ] [MainThread]: Setting up your profile.
[0m15:01:16.501296 [info ] [MainThread]: Profile canalbox_project written to /Users/abraham/.dbt/profiles.yml using target's profile_template.yml and your supplied values. Run 'dbt debug' to validate the connection.
[0m15:01:16.550610 [debug] [MainThread]: Resource report: {"command_name": "init", "command_success": true, "command_wall_clock_time": 51.351357, "process_in_blocks": "0", "process_kernel_time": 0.30818, "process_mem_max_rss": "102055936", "process_out_blocks": "0", "process_user_time": 0.945737}
[0m15:01:16.551432 [debug] [MainThread]: Command `dbt init` succeeded at 15:01:16.551286 after 51.35 seconds
[0m15:01:16.552374 [debug] [MainThread]: Sending event: {'category': 'dbt', 'action': 'invocation', 'label': 'end', 'context': [<snowplow_tracker.self_describing_json.SelfDescribingJson object at 0x1058e4850>, <snowplow_tracker.self_describing_json.SelfDescribingJson object at 0x1062aa470>, <snowplow_tracker.self_describing_json.SelfDescribingJson object at 0x1068c3a00>]}
[0m15:01:16.553115 [debug] [MainThread]: Flushing usage events
[0m15:01:18.452176 [debug] [MainThread]: An error was encountered while trying to flush usage events
